2025-06-04 15:35:56,690 - INFO - Starting new data sync cycle
2025-06-04 15:35:57,792 - INFO - Successfully fetched 100 sensor readings from API
2025-06-04 15:35:57,792 - INFO - Transformed 100 records to Tandem format
2025-06-04 15:36:00,341 - ERROR - Error sending data to Tandem: 404 Client Error: Not Found for url: https://:hoJj6oMQQ2CTTpRBcY72mw@tandem.autodesk.com/api/v1/timeseries/models/urn:adsk.dtm:IV2spPSeQ4aZUA7Oa0LS5Q/streams/AQAAAFPlwgs1ZEpgmoZhsoJ_9HIAAAAA
2025-06-04 15:36:00,341 - INFO - Waiting 300 seconds before next sync...
2025-06-04 15:41:00,344 - INFO - Starting new data sync cycle
2025-06-04 15:41:01,137 - INFO - Successfully fetched 100 sensor readings from API
2025-06-04 15:41:01,141 - INFO - Transformed 100 records to Tandem format
2025-06-04 15:41:02,487 - ERROR - Error sending data to Tandem: 404 Client Error: Not Found for url: https://:hoJj6oMQQ2CTTpRBcY72mw@tandem.autodesk.com/api/v1/timeseries/models/urn:adsk.dtm:IV2spPSeQ4aZUA7Oa0LS5Q/streams/AQAAAFPlwgs1ZEpgmoZhsoJ_9HIAAAAA
2025-06-04 15:41:02,490 - INFO - Waiting 300 seconds before next sync...
2025-06-04 15:46:02,490 - INFO - Starting new data sync cycle
2025-06-04 15:46:03,678 - INFO - Successfully fetched 100 sensor readings from API
2025-06-04 15:46:03,679 - INFO - Transformed 100 records to Tandem format
2025-06-04 15:46:04,999 - ERROR - Error sending data to Tandem: 404 Client Error: Not Found for url: https://:hoJj6oMQQ2CTTpRBcY72mw@tandem.autodesk.com/api/v1/timeseries/models/urn:adsk.dtm:IV2spPSeQ4aZUA7Oa0LS5Q/streams/AQAAAFPlwgs1ZEpgmoZhsoJ_9HIAAAAA
2025-06-04 15:46:04,999 - INFO - Waiting 300 seconds before next sync...
2025-06-04 15:51:05,001 - INFO - Starting new data sync cycle
2025-06-04 15:51:06,046 - INFO - Successfully fetched 100 sensor readings from API
2025-06-04 15:51:06,048 - INFO - Transformed 100 records to Tandem format
2025-06-04 15:51:07,399 - ERROR - Error sending data to Tandem: 404 Client Error: Not Found for url: https://:hoJj6oMQQ2CTTpRBcY72mw@tandem.autodesk.com/api/v1/timeseries/models/urn:adsk.dtm:IV2spPSeQ4aZUA7Oa0LS5Q/streams/AQAAAFPlwgs1ZEpgmoZhsoJ_9HIAAAAA
2025-06-04 15:51:07,400 - INFO - Waiting 300 seconds before next sync...
